[TC_001_Status]
starttime = 28/09/16 19:30:53
status = Passed
executionstate = Cleanup Successful.
endtime = 28/09/16 19:30:54

[TC_002_Status]
starttime = 28/09/16 19:31:00
status = Passed
executionstate = Cleanup Successful.
endtime = 28/09/16 19:31:00

[TC_003_Status]
starttime = 28/09/16 19:31:06
status = Failed
executionstate = Failed to matched the error response message.Cleanup Successful.
endtime = 28/09/16 19:31:06

[TC_004_Status]
starttime = 28/09/16 19:31:12
status = Failed
executionstate = Failed to matched the error response message.Cleanup Successful.
endtime = 28/09/16 19:31:12

[TC_005_Status]
starttime = 28/09/16 19:31:18
status = Passed
executionstate = Cleanup Successful.
endtime = 28/09/16 19:31:19

[TC_01_OpenDaftWebsite_Status]
starttime = 28/09/16 19:31:24
status = Passed
executionstate = Cleanup successful.
endtime = 28/09/16 19:31:39

[TC_02_EndToEndScenario_Status]
starttime = 28/09/16 19:31:45
status = Passed
executionstate = Cleanup successful.
endtime = 28/09/16 19:34:08

